<?xml version="1.0" encoding="UTF-8"?>
<!-- Generated by org.testng.reporters.JUnitReportReporter -->
<testsuite hostname="LAPTOP-BFFJ66H1" failures="0" tests="1" name="Seleniumproject.tests.SubmitOrderTest" time="18.901" errors="0" timestamp="2025-03-03T23:31:43 IST" skipped="0">
  <testcase classname="Seleniumproject.tests.SubmitOrderTest" name="submitOrder" time="18.901"/>
</testsuite> <!-- Seleniumproject.tests.SubmitOrderTest -->
