<?xml version="1.0" encoding="UTF-8"?>
<!-- Generated by org.testng.reporters.JUnitReportReporter -->
<testsuite hostname="LAPTOP-BFFJ66H1" failures="0" tests="1" name="Seleniumproject.tests.SubmitOrderTest" time="21.868" errors="0" timestamp="2025-03-06T00:19:53 IST" skipped="0">
  <testcase classname="Seleniumproject.tests.SubmitOrderTest" name="submitOrder" time="21.868"/>
</testsuite> <!-- Seleniumproject.tests.SubmitOrderTest -->
